D:\hachaton\Elliptic-Bitcoin-Anomaly-Detection\scripts\lstm_autoencoder_pertx.py:64: PerformanceWarning: DataFrame is highly fragmented.  This is usually the result of calling `frame.insert` many times, which has poor performance.  Consider joining all columns at once using pd.concat(axis=1) instead. To get a de-fragmented frame, use `newframe = frame.copy()`
  df_scaled["_pertx_score"] = tx_scores_all
Loading data...
Feature dims: 165  (excluded time_step from scaling)
Building timestep sequences (window_size=10)...
Total steps: 49  Train steps: 34
Train windows: 25  shape: (25, 10, 165)

Training LSTM-AE (input_dim=165, hidden=128, 2 layers, epochs=300)
------------------------------------------------------------
  Epoch  30/300  loss=0.011396  lr=9.76e-04
  Epoch  60/300  loss=0.010930  lr=9.05e-04
  Epoch  90/300  loss=0.009864  lr=7.94e-04
  Epoch 120/300  loss=0.009367  lr=6.55e-04
  Epoch 150/300  loss=0.008820  lr=5.00e-04
  Epoch 180/300  loss=0.008369  lr=3.45e-04
  Epoch 210/300  loss=0.007891  lr=2.06e-04
  Epoch 240/300  loss=0.007297  lr=9.55e-05
  Epoch 270/300  loss=0.007181  lr=2.45e-05
  Epoch 300/300  loss=0.007155  lr=0.00e+00

Scoring individual transactions against their step's reconstruction template...

=== Per-Transaction LSTM-AE Results ===

=== LSTM-AE-PerTx@F1opt ===
              precision    recall  f1-score   support

       licit       0.88      0.44      0.58     15587
     illicit       0.02      0.17      0.04      1083

    accuracy                           0.42     16670
   macro avg       0.45      0.30      0.31     16670
weighted avg       0.83      0.42      0.55     16670

ROC-AUC: 0.1877  |  Avg Precision: 0.0369
F1 (illicit): 0.0370
  threshold=0.8922  F1=0.0370  AUC=0.1877  AP=0.0369

=== LSTM-AE-PerTx@EVT ===
              precision    recall  f1-score   support

       licit       0.93      0.97      0.95     15587
     illicit       0.01      0.01      0.01      1083

    accuracy                           0.91     16670
   macro avg       0.47      0.49      0.48     16670
weighted avg       0.87      0.91      0.89     16670

ROC-AUC: 0.1877  |  Avg Precision: 0.0369
F1 (illicit): 0.0080
  threshold=24.3021  F1=0.0080  AUC=0.1877  AP=0.0369

Baseline (step-level, all txs in a step share one score): F1=0.122  AUC=0.446

Saved: models/lstm_ae_pertx.pt
